This file contains any messages produced by compilers while
running configure, to aid debugging if configure makes a mistake.

It was created by Apertium Tongan-wad configure 0.2.0, which was
generated by GNU Autoconf 2.69.  Invocation command line was

  $ ./configure --with-lang1=../ling073-ton --with-lang2=../ling073-wad PKG_CONFIG_PATH=:/usr/local/share/pkgconfig:/usr/local/lib/pkgconfig --no-create --no-recursion

## --------- ##
## Platform. ##
## --------- ##

hostname = debian
uname -m = x86_64
uname -r = 3.16.0-4-amd64
uname -s = Linux
uname -v = #1 SMP Debian 3.16.36-1+deb8u2 (2016-10-19)

/usr/bin/uname -p = unknown
/bin/uname -X     = unknown

/bin/arch              = unknown
/usr/bin/arch -k       = unknown
/usr/convex/getsysinfo = unknown
/usr/bin/hostinfo      = unknown
/bin/machine           = unknown
/usr/bin/oslevel       = unknown
/bin/universe          = unknown

PATH: /usr/local/bin
PATH: /usr/bin
PATH: /bin
PATH: /usr/local/games
PATH: /usr/games


## ----------- ##
## Core tests. ##
## ----------- ##

configure:1836: checking for a BSD-compatible install
configure:1904: result: /usr/bin/install -c
configure:1915: checking whether build environment is sane
configure:1970: result: yes
configure:2121: checking for a thread-safe mkdir -p
configure:2160: result: /bin/mkdir -p
configure:2167: checking for gawk
configure:2183: found /usr/bin/gawk
configure:2194: result: gawk
configure:2205: checking whether make sets $(MAKE)
configure:2227: result: yes
configure:2256: checking whether make supports nested variables
configure:2273: result: yes
configure:2400: checking whether ln -s works
configure:2404: result: yes
configure:2415: checking for gawk
configure:2442: result: gawk
configure:2509: checking for pkg-config
configure:2527: found /usr/bin/pkg-config
configure:2539: result: /usr/bin/pkg-config
configure:2564: checking pkg-config is at least version 0.9.0
configure:2567: result: yes
configure:2577: checking for APERTIUM
configure:2584: $PKG_CONFIG --exists --print-errors "apertium >= 3.4.0"
configure:2587: $? = 0
configure:2601: $PKG_CONFIG --exists --print-errors "apertium >= 3.4.0"
configure:2604: $? = 0
configure:2822: result: yes
configure:2830: checking for hfst-lexc
configure:2848: found /usr/bin/hfst-lexc
configure:2861: result: /usr/bin/hfst-lexc
configure:2875: checking for hfst-twolc
configure:2893: found /usr/bin/hfst-twolc
configure:2906: result: /usr/bin/hfst-twolc
configure:2920: checking for cg-comp
configure:2938: found /usr/bin/cg-comp
configure:2951: result: /usr/bin/cg-comp
configure:2965: checking for cg-proc
configure:2983: found /usr/bin/cg-proc
configure:2996: result: /usr/bin/cg-proc
configure:3010: checking for lrx-comp
configure:3028: found /usr/bin/lrx-comp
configure:3041: result: /usr/bin/lrx-comp
configure:3055: checking for lrx-proc
configure:3073: found /usr/bin/lrx-proc
configure:3086: result: /usr/bin/lrx-proc
configure:3102: checking for gzcat
configure:3135: result: no
configure:3102: checking for zcat
configure:3120: found /bin/zcat
configure:3132: result: /bin/zcat
configure:3599: checking that generated files are newer than configure
configure:3605: result: done
configure:3613: creating ./config.status

## ---------------- ##
## Cache variables. ##
## ---------------- ##

ac_cv_env_APERTIUM_CFLAGS_set=
ac_cv_env_APERTIUM_CFLAGS_value=
ac_cv_env_APERTIUM_LIBS_set=
ac_cv_env_APERTIUM_LIBS_value=
ac_cv_env_APERTIUM_TON_CFLAGS_set=
ac_cv_env_APERTIUM_TON_CFLAGS_value=
ac_cv_env_APERTIUM_TON_LIBS_set=
ac_cv_env_APERTIUM_TON_LIBS_value=
ac_cv_env_APERTIUM_WAD_CFLAGS_set=
ac_cv_env_APERTIUM_WAD_CFLAGS_value=
ac_cv_env_APERTIUM_WAD_LIBS_set=
ac_cv_env_APERTIUM_WAD_LIBS_value=
ac_cv_env_AP_LIB1_set=
ac_cv_env_AP_LIB1_value=
ac_cv_env_AP_LIB2_set=
ac_cv_env_AP_LIB2_value=
ac_cv_env_AP_SRC1_set=
ac_cv_env_AP_SRC1_value=
ac_cv_env_AP_SRC2_set=
ac_cv_env_AP_SRC2_value=
ac_cv_env_AP_SUBDIRS_set=
ac_cv_env_AP_SUBDIRS_value=
ac_cv_env_PKG_CONFIG_LIBDIR_set=
ac_cv_env_PKG_CONFIG_LIBDIR_value=
ac_cv_env_PKG_CONFIG_PATH_set=set
ac_cv_env_PKG_CONFIG_PATH_value=:/usr/local/share/pkgconfig:/usr/local/lib/pkgconfig
ac_cv_env_PKG_CONFIG_set=
ac_cv_env_PKG_CONFIG_value=
ac_cv_env_build_alias_set=
ac_cv_env_build_alias_value=
ac_cv_env_host_alias_set=
ac_cv_env_host_alias_value=
ac_cv_env_target_alias_set=
ac_cv_env_target_alias_value=
ac_cv_path_CGCOMP=/usr/bin/cg-comp
ac_cv_path_CGPROC=/usr/bin/cg-proc
ac_cv_path_HFSTLEXC=/usr/bin/hfst-lexc
ac_cv_path_HFSTTWOLC=/usr/bin/hfst-twolc
ac_cv_path_LRXCOMP=/usr/bin/lrx-comp
ac_cv_path_LRXPROC=/usr/bin/lrx-proc
ac_cv_path_ZCAT=/bin/zcat
ac_cv_path_ac_pt_PKG_CONFIG=/usr/bin/pkg-config
ac_cv_path_install='/usr/bin/install -c'
ac_cv_path_mkdir=/bin/mkdir
ac_cv_prog_AWK=gawk
ac_cv_prog_make_make_set=yes
am_cv_make_support_nested_variables=yes
pkg_cv_APERTIUM_CFLAGS='-I/usr/include/apertium-3.4 -I/usr/lib/x86_64-linux-gnu/apertium-3.4/include -I/usr/include/lttoolbox-3.3 -I/usr/lib/x86_64-linux-gnu/lttoolbox-3.3/include -I/usr/include/libxml2 '
pkg_cv_APERTIUM_LIBS='-lapertium3 -llttoolbox3 -lxml2 -lpcre '

## ----------------- ##
## Output variables. ##
## ----------------- ##

ACLOCAL='${SHELL} /home/swatstudent/Source/ling073-ton-wad/missing aclocal-1.14'
AMTAR='$${TAR-tar}'
AM_BACKSLASH='\'
AM_DEFAULT_V='$(AM_DEFAULT_VERBOSITY)'
AM_DEFAULT_VERBOSITY='1'
AM_V='$(V)'
APERTIUM_CFLAGS='-I/usr/include/apertium-3.4 -I/usr/lib/x86_64-linux-gnu/apertium-3.4/include -I/usr/include/lttoolbox-3.3 -I/usr/lib/x86_64-linux-gnu/lttoolbox-3.3/include -I/usr/include/libxml2 '
APERTIUM_LIBS='-lapertium3 -llttoolbox3 -lxml2 -lpcre '
APERTIUM_TON_CFLAGS=''
APERTIUM_TON_LIBS=''
APERTIUM_WAD_CFLAGS=''
APERTIUM_WAD_LIBS=''
AP_LIB1='../ling073-ton'
AP_LIB2='../ling073-wad'
AP_SRC1='../ling073-ton'
AP_SRC2='../ling073-wad'
AP_SUBDIRS=' ../ling073-ton ../ling073-wad'
AUTOCONF='${SHELL} /home/swatstudent/Source/ling073-ton-wad/missing autoconf'
AUTOHEADER='${SHELL} /home/swatstudent/Source/ling073-ton-wad/missing autoheader'
AUTOMAKE='${SHELL} /home/swatstudent/Source/ling073-ton-wad/missing automake-1.14'
AWK='gawk'
CGCOMP='/usr/bin/cg-comp'
CGPROC='/usr/bin/cg-proc'
CYGPATH_W='echo'
DEFS='-DPACKAGE_NAME=\"Apertium\ Tongan-wad\" -DPACKAGE_TARNAME=\"apertium-ton-wad\" -DPACKAGE_VERSION=\"0.2.0\" -DPACKAGE_STRING=\"Apertium\ Tongan-wad\ 0.2.0\" -DPACKAGE_BUGREPORT=\"mcostag1@swarthmore.edu\" -DPACKAGE_URL=\"http://wiki.apertium.org/wiki/Apertium-ton-wad\" -DPACKAGE=\"apertium-ton-wad\" -DVERSION=\"0.2.0\"'
ECHO_C=''
ECHO_N='-n'
ECHO_T=''
HFSTLEXC='/usr/bin/hfst-lexc'
HFSTTWOLC='/usr/bin/hfst-twolc'
INSTALL_DATA='${INSTALL} -m 644'
INSTALL_PROGRAM='${INSTALL}'
INSTALL_SCRIPT='${INSTALL}'
INSTALL_STRIP_PROGRAM='$(install_sh) -c -s'
LIBOBJS=''
LIBS=''
LN_S='ln -s'
LRXCOMP='/usr/bin/lrx-comp'
LRXPROC='/usr/bin/lrx-proc'
LTLIBOBJS=''
MAKEINFO='${SHELL} /home/swatstudent/Source/ling073-ton-wad/missing makeinfo'
MKDIR_P='/bin/mkdir -p'
PACKAGE='apertium-ton-wad'
PACKAGE_BUGREPORT='mcostag1@swarthmore.edu'
PACKAGE_NAME='Apertium Tongan-wad'
PACKAGE_STRING='Apertium Tongan-wad 0.2.0'
PACKAGE_TARNAME='apertium-ton-wad'
PACKAGE_URL='http://wiki.apertium.org/wiki/Apertium-ton-wad'
PACKAGE_VERSION='0.2.0'
PATH_SEPARATOR=':'
PKG_CONFIG='/usr/bin/pkg-config'
PKG_CONFIG_LIBDIR=''
PKG_CONFIG_PATH=':/usr/local/share/pkgconfig:/usr/local/lib/pkgconfig'
SET_MAKE=''
SHELL='/bin/bash'
STRIP=''
VERSION='0.2.0'
ZCAT='/bin/zcat'
am__isrc=''
am__leading_dot='.'
am__tar='$${TAR-tar} chof - "$$tardir"'
am__untar='$${TAR-tar} xf -'
bindir='${exec_prefix}/bin'
build_alias=''
datadir='${datarootdir}'
datarootdir='${prefix}/share'
docdir='${datarootdir}/doc/${PACKAGE_TARNAME}'
dvidir='${docdir}'
exec_prefix='${prefix}'
host_alias=''
htmldir='${docdir}'
includedir='${prefix}/include'
infodir='${datarootdir}/info'
install_sh='${SHELL} /home/swatstudent/Source/ling073-ton-wad/install-sh'
libdir='${exec_prefix}/lib'
libexecdir='${exec_prefix}/libexec'
localedir='${datarootdir}/locale'
localstatedir='${prefix}/var'
mandir='${datarootdir}/man'
mkdir_p='$(MKDIR_P)'
oldincludedir='/usr/include'
pdfdir='${docdir}'
prefix='/usr/local'
program_transform_name='s,x,x,'
psdir='${docdir}'
sbindir='${exec_prefix}/sbin'
sharedstatedir='${prefix}/com'
sysconfdir='${prefix}/etc'
target_alias=''

## ------------------- ##
## File substitutions. ##
## ------------------- ##

ap_include='./ap_include.am'

## ----------- ##
## confdefs.h. ##
## ----------- ##

/* confdefs.h */
#define PACKAGE_NAME "Apertium Tongan-wad"
#define PACKAGE_TARNAME "apertium-ton-wad"
#define PACKAGE_VERSION "0.2.0"
#define PACKAGE_STRING "Apertium Tongan-wad 0.2.0"
#define PACKAGE_BUGREPORT "mcostag1@swarthmore.edu"
#define PACKAGE_URL "http://wiki.apertium.org/wiki/Apertium-ton-wad"
#define PACKAGE "apertium-ton-wad"
#define VERSION "0.2.0"

configure: exit 0

## ---------------------- ##
## Running config.status. ##
## ---------------------- ##

This file was extended by Apertium Tongan-wad config.status 0.2.0, which was
generated by GNU Autoconf 2.69.  Invocation command line was

  CONFIG_FILES    = 
  CONFIG_HEADERS  = 
  CONFIG_LINKS    = 
  CONFIG_COMMANDS = 
  $ ./config.status 

on debian

config.status:793: creating Makefile
